[2025-07-13T22:23:16.098Z] ERROR: Uncaught Exception {"error":"Cannot read properties of undefined (reading 'on')","stack":"TypeError: Cannot read properties of undefined (reading 'on')\n    at HearthlinkLauncher.setupErrorHandling (/mnt/g/MythologIQ/Hearthlink/launcher.js:303:9)\n    at new HearthlinkLauncher (/mnt/g/MythologIQ/Hearthlink/launcher.js:215:10)\n    at Object.<anonymous> (/mnt/g/MythologIQ/Hearthlink/launcher.js:1107:18)\n    at Module._compile (node:internal/modules/cjs/loader:1529:14)\n    at Module._extensions..js (node:internal/modules/cjs/loader:1613:10)\n    at Module.load (node:internal/modules/cjs/loader:1275:32)\n    at Module._load (node:internal/modules/cjs/loader:1096:12)\n    at Function.executeUserEntryPoint [as runMain] (node:internal/modules/run_main:164:12)\n    at node:internal/main/run_main_module:28:49"}
[2025-07-13T22:23:33.060Z] ERROR: Uncaught Exception {"error":"Cannot read properties of undefined (reading 'whenReady')","stack":"TypeError: Cannot read properties of undefined (reading 'whenReady')\n    at Object.<anonymous> (/mnt/g/MythologIQ/Hearthlink/launcher.js:1113:5)\n    at Module._compile (node:internal/modules/cjs/loader:1529:14)\n    at Module._extensions..js (node:internal/modules/cjs/loader:1613:10)\n    at Module.load (node:internal/modules/cjs/loader:1275:32)\n    at Module._load (node:internal/modules/cjs/loader:1096:12)\n    at Function.executeUserEntryPoint [as runMain] (node:internal/modules/run_main:164:12)\n    at node:internal/main/run_main_module:28:49"}
[2025-07-14T06:39:39.303Z] INFO: Initializing Hearthlink Launcher {"version":"1.2.0"}
[2025-07-14T06:39:39.307Z] INFO: Initializing core services...
[2025-07-14T06:39:39.308Z] INFO: Core services initialized successfully
[2025-07-14T06:39:39.309Z] INFO: Setting up application security...
[2025-07-14T06:39:39.310Z] INFO: Health monitoring setup completed
[2025-07-14T06:39:39.312Z] INFO: Created directory {"path":"C:\\Users\\krkna\\AppData\\Roaming\\Electron\\logs"}
[2025-07-14T06:39:39.313Z] INFO: Created directory {"path":"C:\\Users\\krkna\\AppData\\Roaming\\Electron\\data"}
[2025-07-14T06:39:39.314Z] INFO: Created directory {"path":"C:\\Users\\krkna\\AppData\\Roaming\\Electron\\alice"}
[2025-07-14T06:39:39.315Z] INFO: Created directory {"path":"C:\\Users\\krkna\\AppData\\Roaming\\Electron\\vault"}
[2025-07-14T06:39:39.320Z] INFO: Created directory {"path":"C:\\Users\\krkna\\AppData\\Local\\Temp\\hearthlink"}
[2025-07-14T06:39:39.320Z] INFO: Application paths configured {"userData":"C:\\Users\\krkna\\AppData\\Roaming\\Electron","temp":"C:\\Users\\krkna\\AppData\\Local\\Temp","documents":"C:\\Users\\krkna\\OneDrive\\Documents"}
[2025-07-14T06:39:39.346Z] INFO: Custom protocols registered
[2025-07-14T06:39:39.346Z] INFO: Creating main application window...
[2025-07-14T06:39:39.440Z] ERROR: Production server error {"error":"listen EADDRINUSE: address already in use :::3001"}
[2025-07-14T06:39:39.441Z] ERROR: Failed to initialize Hearthlink Launcher {"error":"listen EADDRINUSE: address already in use :::3001","stack":"Error: listen EADDRINUSE: address already in use :::3001\n    at Server.setupListenHandle [as _listen2] (node:net:1817:16)\n    at listenInCluster (node:net:1865:12)\n    at Server.listen (node:net:1953:7)\n    at G:\\Mythologiq\\hearthlink\\launcher.js:649:14\n    at new Promise (<anonymous>)\n    at HearthlinkLauncher.startProductionServer (G:\\Mythologiq\\hearthlink\\launcher.js:573:12)\n    at HearthlinkLauncher.loadApplication (G:\\Mythologiq\\hearthlink\\launcher.js:555:29)\n    at HearthlinkLauncher.createMainWindow (G:\\Mythologiq\\hearthlink\\launcher.js:485:16)\n    at HearthlinkLauncher.initialize (G:\\Mythologiq\\hearthlink\\launcher.js:238:18)\n    at async G:\\Mythologiq\\hearthlink\\launcher.js:1149:5"}
[2025-07-14T07:40:02.231Z] INFO: Initializing Hearthlink Launcher {"version":"1.2.0"}
[2025-07-14T07:40:02.236Z] INFO: Initializing core services...
[2025-07-14T07:40:02.239Z] INFO: Core services initialized successfully
[2025-07-14T07:40:02.242Z] INFO: Setting up application security...
[2025-07-14T07:40:02.257Z] INFO: Health monitoring setup completed
[2025-07-14T07:40:02.260Z] INFO: Application paths configured {"userData":"C:\\Users\\krkna\\AppData\\Roaming\\Electron","temp":"C:\\Users\\krkna\\AppData\\Local\\Temp","documents":"C:\\Users\\krkna\\OneDrive\\Documents"}
[2025-07-14T07:40:02.333Z] INFO: Custom protocols registered
[2025-07-14T07:40:02.334Z] INFO: Creating main application window...
[2025-07-14T07:40:02.475Z] WARN: Port 3001 is occupied, finding alternative for React Production Server
[2025-07-14T07:40:02.477Z] INFO: Found alternative port for React Production Server {"original":3001,"alternative":3002}
[2025-07-14T07:40:02.480Z] INFO: Production server started {"port":3002,"configured":3001,"actual":3002}
[2025-07-14T07:40:02.481Z] INFO: Loading application {"url":"http://localhost:3002"}
[2025-07-14T07:40:02.832Z] INFO: Application loaded successfully
[2025-07-14T07:40:02.833Z] INFO: Main window created successfully
[2025-07-14T07:40:02.838Z] INFO: Application menu created
[2025-07-14T07:40:02.839Z] INFO: Starting backend services...
[2025-07-14T07:40:02.911Z] INFO: Python backend started
[2025-07-14T07:40:02.911Z] INFO: Setting up IPC handlers...
[2025-07-14T07:40:02.916Z] INFO: IPC handlers setup completed
[2025-07-14T07:40:02.921Z] INFO: Hearthlink Launcher initialized successfully {"startupTime":743,"services":["config","auth","health"]}
[2025-07-14T07:40:02.961Z] INFO: Main window displayed
[2025-07-14T07:40:05.101Z] INFO: Python backend ready
[2025-07-14T07:47:22.960Z] INFO: Shutting down Hearthlink Launcher...
[2025-07-14T07:47:22.966Z] INFO: Service shutdown {"service":"config"}
[2025-07-14T07:47:22.974Z] INFO: Service shutdown {"service":"auth"}
[2025-07-14T07:47:22.985Z] INFO: Service shutdown {"service":"health"}
[2025-07-14T07:47:23.005Z] INFO: Hearthlink Launcher shutdown completed
[2025-07-14T07:52:16.619Z] INFO: Initializing Hearthlink Launcher {"version":"1.2.0"}
[2025-07-14T07:52:16.624Z] INFO: Initializing core services...
[2025-07-14T07:52:16.630Z] INFO: Core services initialized successfully
[2025-07-14T07:52:16.632Z] INFO: Setting up application security...
[2025-07-14T07:52:16.634Z] INFO: Health monitoring setup completed
[2025-07-14T07:52:16.647Z] INFO: Application paths configured {"userData":"C:\\Users\\krkna\\AppData\\Roaming\\Electron","temp":"C:\\Users\\krkna\\AppData\\Local\\Temp","documents":"C:\\Users\\krkna\\OneDrive\\Documents"}
[2025-07-14T07:52:17.044Z] INFO: Custom protocols registered
[2025-07-14T07:52:17.045Z] INFO: Creating main application window...
[2025-07-14T07:52:17.841Z] WARN: Port 3001 is occupied, finding alternative for React Production Server
[2025-07-14T07:52:17.843Z] INFO: Found alternative port for React Production Server {"original":3001,"alternative":3002}
[2025-07-14T07:52:17.846Z] INFO: Production server started {"port":3002,"configured":3001,"actual":3002}
[2025-07-14T07:52:17.846Z] INFO: Loading application {"url":"http://localhost:3002"}
[2025-07-14T07:52:18.697Z] INFO: Application loaded successfully
[2025-07-14T07:52:18.698Z] INFO: Main window created successfully
[2025-07-14T07:52:18.707Z] INFO: Application menu created
[2025-07-14T07:52:18.707Z] INFO: Starting backend services...
[2025-07-14T07:52:18.794Z] INFO: Python backend started
[2025-07-14T07:52:18.795Z] INFO: Setting up IPC handlers...
[2025-07-14T07:52:18.797Z] INFO: IPC handlers setup completed
[2025-07-14T07:52:18.798Z] INFO: Hearthlink Launcher initialized successfully {"startupTime":2280,"services":["config","auth","health"]}
[2025-07-14T07:52:18.920Z] INFO: Main window displayed
[2025-07-14T07:52:20.290Z] INFO: Python backend ready
[2025-07-14T07:52:28.362Z] INFO: Shutting down Hearthlink Launcher...
[2025-07-14T07:52:28.366Z] INFO: Service shutdown {"service":"config"}
[2025-07-14T07:52:28.370Z] INFO: Service shutdown {"service":"auth"}
[2025-07-14T07:52:28.374Z] INFO: Service shutdown {"service":"health"}
[2025-07-14T07:52:28.381Z] INFO: Hearthlink Launcher shutdown completed
[2025-07-14T08:45:26.922Z] INFO: Initializing Hearthlink Launcher {"version":"1.2.0"}
[2025-07-14T08:45:26.928Z] INFO: Initializing core services...
[2025-07-14T08:45:26.930Z] INFO: Core services initialized successfully
[2025-07-14T08:45:26.932Z] INFO: Setting up application security...
[2025-07-14T08:45:26.940Z] INFO: Health monitoring setup completed
[2025-07-14T08:45:26.945Z] INFO: Created directory {"path":"C:\\Users\\krkna\\AppData\\Roaming\\Hearthlink\\logs"}
[2025-07-14T08:45:26.946Z] INFO: Created directory {"path":"C:\\Users\\krkna\\AppData\\Roaming\\Hearthlink\\data"}
[2025-07-14T08:45:26.950Z] INFO: Created directory {"path":"C:\\Users\\krkna\\AppData\\Roaming\\Hearthlink\\alice"}
[2025-07-14T08:45:26.953Z] INFO: Created directory {"path":"C:\\Users\\krkna\\AppData\\Roaming\\Hearthlink\\vault"}
[2025-07-14T08:45:26.958Z] INFO: Application paths configured {"userData":"C:\\Users\\krkna\\AppData\\Roaming\\Hearthlink","temp":"C:\\Users\\krkna\\AppData\\Local\\Temp","documents":"C:\\Users\\krkna\\OneDrive\\Documents"}
[2025-07-14T08:45:27.027Z] INFO: Custom protocols registered
[2025-07-14T08:45:27.028Z] INFO: Creating main application window...
[2025-07-14T08:45:27.159Z] WARN: Port 3001 is occupied, finding alternative for React Production Server
[2025-07-14T08:45:27.161Z] INFO: Found alternative port for React Production Server {"original":3001,"alternative":3002}
[2025-07-14T08:45:27.163Z] INFO: Production server started {"port":3002,"configured":3001,"actual":3002}
[2025-07-14T08:45:27.164Z] INFO: Loading application {"url":"http://localhost:3002"}
[2025-07-14T08:45:27.445Z] INFO: Application loaded successfully
[2025-07-14T08:45:27.445Z] INFO: Main window created successfully
[2025-07-14T08:45:27.450Z] INFO: Application menu created
[2025-07-14T08:45:27.451Z] INFO: Starting backend services...
[2025-07-14T08:45:27.523Z] INFO: Python backend started
[2025-07-14T08:45:27.524Z] INFO: Setting up IPC handlers...
[2025-07-14T08:45:27.527Z] INFO: IPC handlers setup completed
[2025-07-14T08:45:27.529Z] INFO: Hearthlink Launcher initialized successfully {"startupTime":658,"services":["config","auth","health"]}
[2025-07-14T08:45:27.561Z] INFO: Main window displayed
[2025-07-14T08:45:28.925Z] INFO: Python backend ready
[2025-07-14T08:48:07.403Z] INFO: Shutting down Hearthlink Launcher...
[2025-07-14T08:48:07.407Z] INFO: Service shutdown {"service":"config"}
[2025-07-14T08:48:07.408Z] INFO: Service shutdown {"service":"auth"}
[2025-07-14T08:48:07.410Z] INFO: Service shutdown {"service":"health"}
[2025-07-14T08:48:07.412Z] INFO: Hearthlink Launcher shutdown completed
[2025-07-14T10:45:08.206Z] INFO: Initializing Hearthlink Launcher {"version":"1.2.0"}
[2025-07-14T10:45:08.209Z] INFO: Initializing core services...
[2025-07-14T10:45:08.211Z] INFO: Core services initialized successfully
[2025-07-14T10:45:08.212Z] INFO: Setting up application security...
[2025-07-14T10:45:08.213Z] INFO: Health monitoring setup completed
[2025-07-14T10:45:08.215Z] INFO: Application paths configured {"userData":"C:\\Users\\krkna\\AppData\\Roaming\\Electron","temp":"C:\\Users\\krkna\\AppData\\Local\\Temp","documents":"C:\\Users\\krkna\\OneDrive\\Documents"}
[2025-07-14T10:45:08.288Z] INFO: Custom protocols registered
[2025-07-14T10:45:08.288Z] INFO: Creating main application window...
[2025-07-14T10:45:08.421Z] WARN: Port 3001 is occupied, finding alternative for React Production Server
[2025-07-14T10:45:08.423Z] INFO: Found alternative port for React Production Server {"original":3001,"alternative":3002}
[2025-07-14T10:45:08.426Z] INFO: Production server started {"port":3002,"configured":3001,"actual":3002}
[2025-07-14T10:45:08.426Z] INFO: Loading application {"url":"http://localhost:3002"}
[2025-07-14T10:45:08.674Z] INFO: Application loaded successfully
[2025-07-14T10:45:08.674Z] INFO: Main window created successfully
[2025-07-14T10:45:08.679Z] INFO: Application menu created
[2025-07-14T10:45:08.679Z] INFO: Starting backend services...
[2025-07-14T10:45:08.738Z] INFO: Python backend started
[2025-07-14T10:45:08.739Z] INFO: Setting up IPC handlers...
[2025-07-14T10:45:08.740Z] INFO: IPC handlers setup completed
[2025-07-14T10:45:08.741Z] INFO: Hearthlink Launcher initialized successfully {"startupTime":580,"services":["config","auth","health"]}
[2025-07-14T10:45:08.778Z] INFO: Main window displayed
[2025-07-14T10:45:10.204Z] INFO: Python backend ready
[2025-07-14T10:46:07.842Z] INFO: Shutting down Hearthlink Launcher...
[2025-07-14T10:46:07.844Z] INFO: Service shutdown {"service":"config"}
[2025-07-14T10:46:07.846Z] INFO: Service shutdown {"service":"auth"}
[2025-07-14T10:46:07.850Z] INFO: Service shutdown {"service":"health"}
[2025-07-14T10:46:07.852Z] INFO: Hearthlink Launcher shutdown completed
[2025-07-14T15:16:47.698Z] INFO: Initializing Hearthlink Launcher {"version":"1.2.0"}
[2025-07-14T15:16:47.700Z] INFO: Initializing core services...
[2025-07-14T15:16:47.701Z] INFO: Core services initialized successfully
[2025-07-14T15:16:47.703Z] INFO: Setting up application security...
[2025-07-14T15:16:47.704Z] INFO: Health monitoring setup completed
[2025-07-14T15:16:47.706Z] INFO: Application paths configured {"userData":"C:\\Users\\krkna\\AppData\\Roaming\\Electron","temp":"C:\\Users\\krkna\\AppData\\Local\\Temp","documents":"C:\\Users\\krkna\\OneDrive\\Documents"}
[2025-07-14T15:16:47.711Z] INFO: Custom protocols registered
[2025-07-14T15:16:47.716Z] INFO: Creating main application window...
[2025-07-14T15:16:47.760Z] WARN: Port 3001 is occupied, finding alternative for React Production Server
[2025-07-14T15:16:47.762Z] INFO: Found alternative port for React Production Server {"original":3001,"alternative":3002}
[2025-07-14T15:16:47.770Z] INFO: Production server started {"port":3002,"configured":3001,"actual":3002}
[2025-07-14T15:16:47.771Z] INFO: Loading application {"url":"http://localhost:3002"}
[2025-07-14T15:16:47.874Z] ERROR: Server request error {"error":"open EISDIR"}
[2025-07-14T15:16:48.036Z] INFO: Application loaded successfully
[2025-07-14T15:16:48.036Z] INFO: Main window created successfully
[2025-07-14T15:16:48.040Z] INFO: Application menu created
[2025-07-14T15:16:48.040Z] INFO: Starting backend services...
[2025-07-14T15:16:48.079Z] INFO: Python backend started
[2025-07-14T15:16:48.079Z] INFO: Setting up IPC handlers...
[2025-07-14T15:16:48.080Z] INFO: IPC handlers setup completed
[2025-07-14T15:16:48.081Z] INFO: Hearthlink Launcher initialized successfully {"startupTime":423,"services":["config","auth","health"]}
[2025-07-14T15:16:48.102Z] INFO: Main window displayed
[2025-07-14T15:16:49.373Z] INFO: Python backend ready
[2025-07-14T15:21:45.206Z] INFO: Shutting down Hearthlink Launcher...
[2025-07-14T15:21:45.209Z] INFO: Hearthlink Launcher shutdown completed
[2025-07-14T15:21:45.265Z] INFO: Initializing Hearthlink Launcher {"version":"1.2.0"}
[2025-07-14T15:21:45.265Z] INFO: Initializing core services...
[2025-07-14T15:21:45.278Z] INFO: Core services initialized successfully
[2025-07-14T15:21:45.281Z] INFO: Setting up application security...
[2025-07-14T15:21:45.283Z] INFO: Health monitoring setup completed
[2025-07-14T15:21:45.287Z] INFO: Application paths configured {"userData":"C:\\Users\\krkna\\AppData\\Roaming\\Electron","temp":"C:\\Users\\krkna\\AppData\\Local\\Temp","documents":"C:\\Users\\krkna\\OneDrive\\Documents"}
[2025-07-14T15:21:45.298Z] INFO: Custom protocols registered
[2025-07-14T15:21:45.316Z] INFO: Creating main application window...
[2025-07-14T15:21:45.361Z] WARN: Port 3001 is occupied, finding alternative for React Production Server
[2025-07-14T15:21:45.364Z] INFO: Found alternative port for React Production Server {"original":3001,"alternative":3003}
[2025-07-14T15:21:45.369Z] INFO: Production server started {"port":3003,"configured":3001,"actual":3003}
[2025-07-14T15:21:45.375Z] INFO: Loading application {"url":"http://localhost:3003"}
[2025-07-14T15:21:45.409Z] ERROR: Failed to load application {"error":"ERR_FAILED (-2) loading 'http://localhost:3003'"}
[2025-07-14T15:21:45.411Z] ERROR: Failed to initialize Hearthlink Launcher {"error":"Object has been destroyed","stack":"TypeError: Object has been destroyed\n    at _.loadURL (node:electron/js2c/browser_init:2:75089)\n    at n.loadURL (node:electron/js2c/browser_init:2:10260)\n    at HearthlinkLauncher.loadApplication (G:\\MythologIQ\\Hearthlink\\launcher.js:630:24)\n    at async HearthlinkLauncher.createMainWindow (G:\\MythologIQ\\Hearthlink\\launcher.js:547:5)\n    at async HearthlinkLauncher.initialize (G:\\MythologIQ\\Hearthlink\\launcher.js:300:7)\n    at async G:\\MythologIQ\\Hearthlink\\launcher.js:1253:5"}
[2025-07-14T15:21:45.417Z] ERROR: Unhandled Promise Rejection {"reason":"open EISDIR","stack":"Error: open EISDIR\n    at new Socket (node:net:441:13)\n    at createWritableStdioStream (node:internal/bootstrap/switches/is_main_thread:78:18)\n    at process.getStderr [as stderr] (node:internal/bootstrap/switches/is_main_thread:170:12)\n    at console.get (node:internal/console/constructor:225:44)\n    at console.value (node:internal/console/constructor:350:50)\n    at console.warn (node:internal/console/constructor:385:61)\n    at G:\\MythologIQ\\Hearthlink\\launcher.js:1255:13"}
[2025-07-14T15:23:56.155Z] INFO: Shutting down Hearthlink Launcher...
[2025-07-14T15:23:56.157Z] INFO: Service shutdown {"service":"config"}
[2025-07-14T15:23:56.158Z] INFO: Service shutdown {"service":"auth"}
[2025-07-14T15:23:56.159Z] INFO: Service shutdown {"service":"health"}
[2025-07-14T15:23:56.161Z] INFO: Hearthlink Launcher shutdown completed
[2025-07-14T15:23:56.176Z] ERROR: Uncaught Exception {"error":"open EISDIR","stack":"Error: open EISDIR\n    at new Socket (node:net:441:13)\n    at createWritableStdioStream (node:internal/bootstrap/switches/is_main_thread:78:18)\n    at process.getStderr [as stderr] (node:internal/bootstrap/switches/is_main_thread:170:12)\n    at Socket._destroy (node:net:815:26)\n    at _destroy (node:internal/streams/destroy:109:10)\n    at Socket.destroy (node:internal/streams/destroy:71:5)\n    at ChildProcess._handle.onexit (node:internal/child_process:276:18)"}
[2025-07-14T15:23:56.178Z] ERROR: Uncaught Exception {"error":"open EISDIR","stack":"Error: open EISDIR\n    at new Socket (node:net:441:13)\n    at createWritableStdioStream (node:internal/bootstrap/switches/is_main_thread:78:18)\n    at process.getStderr [as stderr] (node:internal/bootstrap/switches/is_main_thread:170:12)\n    at Socket._destroy (node:net:815:26)\n    at _destroy (node:internal/streams/destroy:109:10)\n    at Socket.destroy (node:internal/streams/destroy:71:5)\n    at finish (node:internal/streams/writable:761:14)\n    at process.processTicksAndRejections (node:internal/process/task_queues:82:21)"}
[2025-07-14T15:23:56.180Z] ERROR: Uncaught Exception {"error":"open EISDIR","stack":"Error: open EISDIR\n    at new Socket (node:net:441:13)\n    at createWritableStdioStream (node:internal/bootstrap/switches/is_main_thread:78:18)\n    at process.getStderr [as stderr] (node:internal/bootstrap/switches/is_main_thread:170:12)\n    at Socket._destroy (node:net:815:26)\n    at _destroy (node:internal/streams/destroy:109:10)\n    at Socket.destroy (node:internal/streams/destroy:71:5)\n    at finish (node:internal/streams/writable:761:14)\n    at process.processTicksAndRejections (node:internal/process/task_queues:82:21)"}
[2025-07-14T15:27:14.134Z] INFO: Initializing Hearthlink Launcher {"version":"1.2.0"}
[2025-07-14T15:27:14.136Z] INFO: Initializing core services...
[2025-07-14T15:27:14.138Z] INFO: Core services initialized successfully
[2025-07-14T15:27:14.139Z] INFO: Setting up application security...
[2025-07-14T15:27:14.140Z] INFO: Health monitoring setup completed
[2025-07-14T15:27:14.142Z] INFO: Application paths configured {"userData":"C:\\Users\\krkna\\AppData\\Roaming\\Electron","temp":"C:\\Users\\krkna\\AppData\\Local\\Temp","documents":"C:\\Users\\krkna\\OneDrive\\Documents"}
[2025-07-14T15:27:14.146Z] INFO: Custom protocols registered
[2025-07-14T15:27:14.147Z] INFO: Creating main application window...
[2025-07-14T15:27:14.193Z] WARN: Port 3001 is occupied, finding alternative for React Production Server
[2025-07-14T15:27:14.194Z] INFO: Found alternative port for React Production Server {"original":3001,"alternative":3002}
[2025-07-14T15:27:14.198Z] INFO: Production server started {"port":3002,"configured":3001,"actual":3002}
[2025-07-14T15:27:14.199Z] INFO: Loading application {"url":"http://localhost:3002"}
[2025-07-14T15:27:14.287Z] ERROR: Server request error {"error":"open EISDIR"}
[2025-07-14T15:27:14.295Z] ERROR: Uncaught Exception {"error":"ENOENT: no such file or directory, open 'G:\\MythologIQ\\Hearthlink\\build\\index.html'","stack":"Error: ENOENT: no such file or directory, open 'G:\\MythologIQ\\Hearthlink\\build\\index.html'"}
[2025-07-14T15:27:14.441Z] INFO: Application loaded successfully
[2025-07-14T15:27:14.442Z] INFO: Main window created successfully
[2025-07-14T15:27:14.446Z] INFO: Application menu created
[2025-07-14T15:27:14.446Z] INFO: Starting backend services...
[2025-07-14T15:27:14.482Z] INFO: Python backend started
[2025-07-14T15:27:14.482Z] INFO: Setting up IPC handlers...
[2025-07-14T15:27:14.483Z] INFO: IPC handlers setup completed
[2025-07-14T15:27:14.485Z] INFO: Hearthlink Launcher initialized successfully {"startupTime":387,"services":["config","auth","health"]}
[2025-07-14T15:27:14.514Z] INFO: Main window displayed
[2025-07-14T15:27:14.938Z] INFO: Python backend ready
[2025-07-14T15:28:34.509Z] INFO: Shutting down Hearthlink Launcher...
[2025-07-14T15:28:34.511Z] INFO: Service shutdown {"service":"config"}
[2025-07-14T15:28:34.511Z] INFO: Service shutdown {"service":"auth"}
[2025-07-14T15:28:34.513Z] INFO: Service shutdown {"service":"health"}
[2025-07-14T15:28:34.515Z] INFO: Hearthlink Launcher shutdown completed
[2025-07-14T15:28:34.524Z] ERROR: Uncaught Exception {"error":"open EISDIR","stack":"Error: open EISDIR\n    at new Socket (node:net:441:13)\n    at createWritableStdioStream (node:internal/bootstrap/switches/is_main_thread:78:18)\n    at process.getStderr [as stderr] (node:internal/bootstrap/switches/is_main_thread:170:12)\n    at Socket._destroy (node:net:815:26)\n    at _destroy (node:internal/streams/destroy:109:10)\n    at Socket.destroy (node:internal/streams/destroy:71:5)\n    at ChildProcess._handle.onexit (node:internal/child_process:276:18)"}
[2025-07-14T15:28:34.525Z] ERROR: Uncaught Exception {"error":"open EISDIR","stack":"Error: open EISDIR\n    at new Socket (node:net:441:13)\n    at createWritableStdioStream (node:internal/bootstrap/switches/is_main_thread:78:18)\n    at process.getStderr [as stderr] (node:internal/bootstrap/switches/is_main_thread:170:12)\n    at Socket._destroy (node:net:815:26)\n    at _destroy (node:internal/streams/destroy:109:10)\n    at Socket.destroy (node:internal/streams/destroy:71:5)\n    at finish (node:internal/streams/writable:761:14)\n    at process.processTicksAndRejections (node:internal/process/task_queues:82:21)"}
[2025-07-14T15:28:34.527Z] ERROR: Uncaught Exception {"error":"open EISDIR","stack":"Error: open EISDIR\n    at new Socket (node:net:441:13)\n    at createWritableStdioStream (node:internal/bootstrap/switches/is_main_thread:78:18)\n    at process.getStderr [as stderr] (node:internal/bootstrap/switches/is_main_thread:170:12)\n    at Socket._destroy (node:net:815:26)\n    at _destroy (node:internal/streams/destroy:109:10)\n    at Socket.destroy (node:internal/streams/destroy:71:5)\n    at finish (node:internal/streams/writable:761:14)\n    at process.processTicksAndRejections (node:internal/process/task_queues:82:21)"}
[2025-07-14T17:06:13.748Z] INFO: Initializing Hearthlink Launcher {"version":"1.2.0"}
[2025-07-14T17:06:13.750Z] INFO: Initializing core services...
[2025-07-14T17:06:13.752Z] INFO: Core services initialized successfully
[2025-07-14T17:06:13.754Z] INFO: Setting up application security...
[2025-07-14T17:06:13.756Z] INFO: Health monitoring setup completed
[2025-07-14T17:06:13.759Z] INFO: Application paths configured {"userData":"C:\\Users\\krkna\\AppData\\Roaming\\Hearthlink","temp":"C:\\Users\\krkna\\AppData\\Local\\Temp","documents":"C:\\Users\\krkna\\OneDrive\\Documents"}
[2025-07-14T17:06:13.768Z] INFO: Custom protocols registered
[2025-07-14T17:06:13.774Z] INFO: Creating main application window...
[2025-07-14T17:06:13.820Z] WARN: Port 3001 is occupied, finding alternative for React Production Server
[2025-07-14T17:06:13.822Z] INFO: Found alternative port for React Production Server {"original":3001,"alternative":3002}
[2025-07-14T17:06:13.828Z] INFO: Production server started {"port":3002,"configured":3001,"actual":3002}
[2025-07-14T17:06:13.831Z] INFO: Loading application {"url":"http://localhost:3002"}
[2025-07-14T17:06:13.905Z] ERROR: File streaming error {"error":"ENOENT: no such file or directory, open 'G:\\MythologIQ\\Hearthlink\\build\\index.html'","file":"G:\\MythologIQ\\Hearthlink\\build\\index.html"}
[2025-07-14T17:06:14.133Z] INFO: Application loaded successfully
[2025-07-14T17:06:14.134Z] INFO: Main window created successfully
[2025-07-14T17:06:14.138Z] INFO: Application menu created
[2025-07-14T17:06:14.139Z] INFO: Starting backend services...
[2025-07-14T17:06:14.182Z] INFO: Python backend started
[2025-07-14T17:06:14.183Z] INFO: Setting up IPC handlers...
[2025-07-14T17:06:14.184Z] INFO: IPC handlers setup completed
[2025-07-14T17:06:14.185Z] INFO: Hearthlink Launcher initialized successfully {"startupTime":484,"services":["config","auth","health"]}
[2025-07-14T17:06:14.214Z] INFO: Main window displayed
[2025-07-14T17:06:15.222Z] INFO: Python backend ready
[2025-07-14T17:12:20.416Z] INFO: Initializing Hearthlink Launcher {"version":"1.3.0"}
[2025-07-14T17:12:20.417Z] INFO: Initializing core services...
[2025-07-14T17:12:20.419Z] INFO: Core services initialized successfully
[2025-07-14T17:12:20.421Z] INFO: Setting up application security...
[2025-07-14T17:12:20.422Z] INFO: Health monitoring setup completed
[2025-07-14T17:12:20.425Z] INFO: Application paths configured {"userData":"C:\\Users\\krkna\\AppData\\Roaming\\Electron","temp":"C:\\Users\\krkna\\AppData\\Local\\Temp","documents":"C:\\Users\\krkna\\OneDrive\\Documents"}
[2025-07-14T17:12:20.429Z] INFO: Custom protocols registered
[2025-07-14T17:12:20.431Z] INFO: Creating main application window...
[2025-07-14T17:12:20.498Z] WARN: Port 3001 is occupied, finding alternative for React Production Server
[2025-07-14T17:12:20.500Z] INFO: Found alternative port for React Production Server {"original":3001,"alternative":3003}
[2025-07-14T17:12:20.504Z] INFO: Production server started {"port":3003,"configured":3001,"actual":3003}
[2025-07-14T17:12:20.505Z] INFO: Loading application {"url":"http://localhost:3003"}
[2025-07-14T17:12:20.568Z] ERROR: Server request error {"error":"open EISDIR"}
[2025-07-14T17:12:20.744Z] INFO: Application loaded successfully
[2025-07-14T17:12:20.744Z] INFO: Main window created successfully
[2025-07-14T17:12:20.748Z] INFO: Application menu created
[2025-07-14T17:12:20.749Z] INFO: Starting backend services...
[2025-07-14T17:12:20.799Z] INFO: Python backend started
[2025-07-14T17:12:20.800Z] INFO: Setting up IPC handlers...
[2025-07-14T17:12:20.801Z] INFO: IPC handlers setup completed
[2025-07-14T17:12:20.802Z] INFO: Hearthlink Launcher initialized successfully {"startupTime":424,"services":["config","auth","health"]}
[2025-07-14T17:12:20.834Z] INFO: Main window displayed
[2025-07-14T17:12:21.438Z] INFO: Python backend ready
[2025-07-14T17:12:25.668Z] INFO: Shutting down Hearthlink Launcher...
[2025-07-14T17:12:25.672Z] INFO: Service shutdown {"service":"config"}
[2025-07-14T17:12:25.674Z] INFO: Service shutdown {"service":"auth"}
[2025-07-14T17:12:25.686Z] INFO: Service shutdown {"service":"health"}
[2025-07-14T17:12:25.688Z] INFO: Hearthlink Launcher shutdown completed
[2025-07-14T17:14:39.385Z] INFO: Initializing Hearthlink Launcher {"version":"1.3.0"}
[2025-07-14T17:14:39.386Z] INFO: Initializing core services...
[2025-07-14T17:14:39.388Z] INFO: Core services initialized successfully
[2025-07-14T17:14:39.390Z] INFO: Setting up application security...
[2025-07-14T17:14:39.391Z] INFO: Health monitoring setup completed
[2025-07-14T17:14:39.395Z] INFO: Application paths configured {"userData":"C:\\Users\\krkna\\AppData\\Roaming\\Hearthlink","temp":"C:\\Users\\krkna\\AppData\\Local\\Temp","documents":"C:\\Users\\krkna\\OneDrive\\Documents"}
[2025-07-14T17:14:39.398Z] INFO: Custom protocols registered
[2025-07-14T17:14:39.400Z] INFO: Creating main application window...
[2025-07-14T17:14:39.444Z] WARN: Port 3001 is occupied, finding alternative for React Production Server
[2025-07-14T17:14:39.446Z] INFO: Found alternative port for React Production Server {"original":3001,"alternative":3002}
[2025-07-14T17:14:39.448Z] INFO: Production server started {"port":3002,"configured":3001,"actual":3002}
[2025-07-14T17:14:39.448Z] INFO: Loading application {"url":"http://localhost:3002"}
[2025-07-14T17:14:39.533Z] ERROR: Server request error {"error":"open EISDIR"}
[2025-07-14T17:14:39.539Z] ERROR: Uncaught Exception {"error":"ENOENT: no such file or directory, open 'G:\\MythologIQ\\Hearthlink\\build\\index.html'","stack":"Error: ENOENT: no such file or directory, open 'G:\\MythologIQ\\Hearthlink\\build\\index.html'"}
[2025-07-14T17:14:39.734Z] INFO: Application loaded successfully
[2025-07-14T17:14:39.734Z] INFO: Main window created successfully
[2025-07-14T17:14:39.742Z] INFO: Application menu created
[2025-07-14T17:14:39.743Z] INFO: Starting backend services...
[2025-07-14T17:14:39.788Z] INFO: Python backend started
[2025-07-14T17:14:39.789Z] INFO: Setting up IPC handlers...
[2025-07-14T17:14:39.790Z] INFO: IPC handlers setup completed
[2025-07-14T17:14:39.792Z] INFO: Hearthlink Launcher initialized successfully {"startupTime":441,"services":["config","auth","health"]}
[2025-07-14T17:14:39.822Z] INFO: Main window displayed
[2025-07-14T17:14:40.307Z] INFO: Python backend ready
[2025-07-14T17:15:14.341Z] INFO: Shutting down Hearthlink Launcher...
[2025-07-14T17:15:14.343Z] INFO: Service shutdown {"service":"config"}
[2025-07-14T17:15:14.345Z] INFO: Service shutdown {"service":"auth"}
[2025-07-14T17:15:14.347Z] INFO: Service shutdown {"service":"health"}
[2025-07-14T17:15:14.350Z] INFO: Hearthlink Launcher shutdown completed
[2025-07-14T17:15:14.356Z] ERROR: Uncaught Exception {"error":"open EISDIR","stack":"Error: open EISDIR\n    at new Socket (node:net:441:13)\n    at createWritableStdioStream (node:internal/bootstrap/switches/is_main_thread:78:18)\n    at process.getStderr [as stderr] (node:internal/bootstrap/switches/is_main_thread:170:12)\n    at Socket._destroy (node:net:815:26)\n    at _destroy (node:internal/streams/destroy:109:10)\n    at Socket.destroy (node:internal/streams/destroy:71:5)\n    at ChildProcess._handle.onexit (node:internal/child_process:276:18)"}
[2025-07-14T17:15:14.362Z] ERROR: Uncaught Exception {"error":"open EISDIR","stack":"Error: open EISDIR\n    at new Socket (node:net:441:13)\n    at createWritableStdioStream (node:internal/bootstrap/switches/is_main_thread:78:18)\n    at process.getStderr [as stderr] (node:internal/bootstrap/switches/is_main_thread:170:12)\n    at Socket._destroy (node:net:815:26)\n    at _destroy (node:internal/streams/destroy:109:10)\n    at Socket.destroy (node:internal/streams/destroy:71:5)\n    at finish (node:internal/streams/writable:761:14)\n    at process.processTicksAndRejections (node:internal/process/task_queues:82:21)"}
[2025-07-14T17:15:14.363Z] ERROR: Uncaught Exception {"error":"open EISDIR","stack":"Error: open EISDIR\n    at new Socket (node:net:441:13)\n    at createWritableStdioStream (node:internal/bootstrap/switches/is_main_thread:78:18)\n    at process.getStderr [as stderr] (node:internal/bootstrap/switches/is_main_thread:170:12)\n    at Socket._destroy (node:net:815:26)\n    at _destroy (node:internal/streams/destroy:109:10)\n    at Socket.destroy (node:internal/streams/destroy:71:5)\n    at finish (node:internal/streams/writable:761:14)\n    at process.processTicksAndRejections (node:internal/process/task_queues:82:21)"}
[2025-07-14T17:15:15.609Z] INFO: Shutting down Hearthlink Launcher...
[2025-07-14T17:15:15.612Z] INFO: Service shutdown {"service":"config"}
[2025-07-14T17:15:15.613Z] INFO: Service shutdown {"service":"auth"}
[2025-07-14T17:15:15.615Z] INFO: Service shutdown {"service":"health"}
[2025-07-14T17:15:15.618Z] INFO: Hearthlink Launcher shutdown completed
[2025-07-14T17:15:15.633Z] ERROR: Uncaught Exception {"error":"open EISDIR","stack":"Error: open EISDIR\n    at new Socket (node:net:441:13)\n    at createWritableStdioStream (node:internal/bootstrap/switches/is_main_thread:78:18)\n    at process.getStderr [as stderr] (node:internal/bootstrap/switches/is_main_thread:170:12)\n    at Socket._destroy (node:net:815:26)\n    at _destroy (node:internal/streams/destroy:109:10)\n    at Socket.destroy (node:internal/streams/destroy:71:5)\n    at ChildProcess._handle.onexit (node:internal/child_process:276:18)"}
[2025-07-14T17:15:15.635Z] ERROR: Uncaught Exception {"error":"open EISDIR","stack":"Error: open EISDIR\n    at new Socket (node:net:441:13)\n    at createWritableStdioStream (node:internal/bootstrap/switches/is_main_thread:78:18)\n    at process.getStderr [as stderr] (node:internal/bootstrap/switches/is_main_thread:170:12)\n    at Socket._destroy (node:net:815:26)\n    at _destroy (node:internal/streams/destroy:109:10)\n    at Socket.destroy (node:internal/streams/destroy:71:5)\n    at finish (node:internal/streams/writable:761:14)\n    at process.processTicksAndRejections (node:internal/process/task_queues:82:21)"}
[2025-07-14T17:15:15.637Z] ERROR: Uncaught Exception {"error":"open EISDIR","stack":"Error: open EISDIR\n    at new Socket (node:net:441:13)\n    at createWritableStdioStream (node:internal/bootstrap/switches/is_main_thread:78:18)\n    at process.getStderr [as stderr] (node:internal/bootstrap/switches/is_main_thread:170:12)\n    at Socket._destroy (node:net:815:26)\n    at _destroy (node:internal/streams/destroy:109:10)\n    at Socket.destroy (node:internal/streams/destroy:71:5)\n    at finish (node:internal/streams/writable:761:14)\n    at process.processTicksAndRejections (node:internal/process/task_queues:82:21)"}
[2025-07-14T17:15:44.151Z] INFO: Initializing Hearthlink Launcher {"version":"1.3.0"}
[2025-07-14T17:15:44.154Z] INFO: Initializing core services...
[2025-07-14T17:15:44.159Z] INFO: Core services initialized successfully
[2025-07-14T17:15:44.162Z] INFO: Setting up application security...
[2025-07-14T17:15:44.165Z] INFO: Health monitoring setup completed
[2025-07-14T17:15:44.170Z] INFO: Application paths configured {"userData":"C:\\Users\\krkna\\AppData\\Roaming\\Hearthlink","temp":"C:\\Users\\krkna\\AppData\\Local\\Temp","documents":"C:\\Users\\krkna\\OneDrive\\Documents"}
[2025-07-14T17:15:44.181Z] INFO: Custom protocols registered
[2025-07-14T17:15:44.191Z] INFO: Creating main application window...
[2025-07-14T17:15:44.280Z] WARN: Port 3001 is occupied, finding alternative for React Production Server
[2025-07-14T17:15:44.282Z] INFO: Found alternative port for React Production Server {"original":3001,"alternative":3002}
[2025-07-14T17:15:44.286Z] INFO: Production server started {"port":3002,"configured":3001,"actual":3002}
[2025-07-14T17:15:44.289Z] INFO: Loading application {"url":"http://localhost:3002"}
[2025-07-14T17:15:44.367Z] ERROR: File streaming error {"error":"ENOENT: no such file or directory, open 'G:\\MythologIQ\\Hearthlink\\build\\index.html'","file":"G:\\MythologIQ\\Hearthlink\\build\\index.html"}
[2025-07-14T17:15:44.576Z] INFO: Application loaded successfully
[2025-07-14T17:15:44.576Z] INFO: Main window created successfully
[2025-07-14T17:15:44.584Z] INFO: Application menu created
[2025-07-14T17:15:44.587Z] INFO: Starting backend services...
[2025-07-14T17:15:44.632Z] INFO: Python backend started
[2025-07-14T17:15:44.633Z] INFO: Setting up IPC handlers...
[2025-07-14T17:15:44.635Z] INFO: IPC handlers setup completed
[2025-07-14T17:15:44.637Z] INFO: Hearthlink Launcher initialized successfully {"startupTime":552,"services":["config","auth","health"]}
[2025-07-14T17:15:44.675Z] INFO: Main window displayed
[2025-07-14T17:15:45.185Z] INFO: Python backend ready
[2025-07-14T17:15:48.437Z] INFO: Shutting down Hearthlink Launcher...
[2025-07-14T17:15:48.438Z] INFO: Service shutdown {"service":"config"}
[2025-07-14T17:15:48.440Z] INFO: Service shutdown {"service":"auth"}
[2025-07-14T17:15:48.449Z] INFO: Service shutdown {"service":"health"}
[2025-07-14T17:15:48.451Z] INFO: Hearthlink Launcher shutdown completed
[2025-07-14T17:17:00.702Z] INFO: Initializing Hearthlink Launcher {"version":"1.3.0"}
[2025-07-14T17:17:00.704Z] INFO: Initializing core services...
[2025-07-14T17:17:00.708Z] INFO: Core services initialized successfully
[2025-07-14T17:17:00.710Z] INFO: Setting up application security...
[2025-07-14T17:17:00.712Z] INFO: Health monitoring setup completed
[2025-07-14T17:17:00.715Z] INFO: Application paths configured {"userData":"C:\\Users\\krkna\\AppData\\Roaming\\Electron","temp":"C:\\Users\\krkna\\AppData\\Local\\Temp","documents":"C:\\Users\\krkna\\OneDrive\\Documents"}
[2025-07-14T17:17:00.729Z] INFO: Custom protocols registered
[2025-07-14T17:17:00.733Z] INFO: Creating main application window...
[2025-07-14T17:17:00.786Z] WARN: Port 3001 is occupied, finding alternative for React Production Server
[2025-07-14T17:17:00.788Z] INFO: Found alternative port for React Production Server {"original":3001,"alternative":3002}
[2025-07-14T17:17:00.793Z] INFO: Production server started {"port":3002,"configured":3001,"actual":3002}
[2025-07-14T17:17:00.794Z] INFO: Loading application {"url":"http://localhost:3002"}
[2025-07-14T17:17:00.912Z] ERROR: File streaming error {"error":"ENOENT: no such file or directory, open 'G:\\MythologIQ\\Hearthlink\\build\\index.html'","file":"G:\\MythologIQ\\Hearthlink\\build\\index.html"}
[2025-07-14T17:17:01.076Z] INFO: Application loaded successfully
[2025-07-14T17:17:01.076Z] INFO: Main window created successfully
[2025-07-14T17:17:01.081Z] INFO: Application menu created
[2025-07-14T17:17:01.082Z] INFO: Starting backend services...
[2025-07-14T17:17:01.121Z] INFO: Python backend started
[2025-07-14T17:17:01.122Z] INFO: Setting up IPC handlers...
[2025-07-14T17:17:01.124Z] INFO: IPC handlers setup completed
[2025-07-14T17:17:01.126Z] INFO: Hearthlink Launcher initialized successfully {"startupTime":480,"services":["config","auth","health"]}
[2025-07-14T17:17:01.156Z] INFO: Main window displayed
[2025-07-14T17:17:01.591Z] INFO: Python backend ready
[2025-07-14T17:20:58.915Z] INFO: Initializing Hearthlink Launcher {"version":"1.3.0"}
[2025-07-14T17:20:58.917Z] INFO: Initializing core services...
[2025-07-14T17:20:58.920Z] INFO: Core services initialized successfully
[2025-07-14T17:20:58.922Z] INFO: Setting up application security...
[2025-07-14T17:20:58.924Z] INFO: Health monitoring setup completed
[2025-07-14T17:20:58.928Z] INFO: Application paths configured {"userData":"C:\\Users\\krkna\\AppData\\Roaming\\Hearthlink","temp":"C:\\Users\\krkna\\AppData\\Local\\Temp","documents":"C:\\Users\\krkna\\OneDrive\\Documents"}
[2025-07-14T17:20:58.933Z] INFO: Custom protocols registered
[2025-07-14T17:20:58.937Z] INFO: Creating main application window...
[2025-07-14T17:20:58.990Z] WARN: Port 3001 is occupied, finding alternative for React Production Server
[2025-07-14T17:20:58.992Z] INFO: Found alternative port for React Production Server {"original":3001,"alternative":3003}
[2025-07-14T17:20:58.995Z] INFO: Production server started {"port":3003,"configured":3001,"actual":3003}
[2025-07-14T17:20:58.996Z] INFO: Loading application {"url":"http://localhost:3003"}
[2025-07-14T17:20:59.100Z] ERROR: Server request error {"error":"open EISDIR"}
[2025-07-14T17:20:59.116Z] ERROR: Uncaught Exception {"error":"ENOENT: no such file or directory, open 'G:\\MythologIQ\\Hearthlink\\build\\index.html'","stack":"Error: ENOENT: no such file or directory, open 'G:\\MythologIQ\\Hearthlink\\build\\index.html'"}
[2025-07-14T17:20:59.299Z] INFO: Application loaded successfully
[2025-07-14T17:20:59.299Z] INFO: Main window created successfully
[2025-07-14T17:20:59.304Z] INFO: Application menu created
[2025-07-14T17:20:59.304Z] INFO: Starting backend services...
[2025-07-14T17:20:59.349Z] INFO: Python backend started
[2025-07-14T17:20:59.349Z] INFO: Setting up IPC handlers...
[2025-07-14T17:20:59.351Z] INFO: IPC handlers setup completed
[2025-07-14T17:20:59.354Z] INFO: Hearthlink Launcher initialized successfully {"startupTime":482,"services":["config","auth","health"]}
[2025-07-14T17:20:59.383Z] INFO: Main window displayed
[2025-07-14T17:20:59.873Z] INFO: Python backend ready
[2025-07-14T17:21:49.346Z] INFO: Shutting down Hearthlink Launcher...
[2025-07-14T17:21:49.348Z] INFO: Service shutdown {"service":"config"}
[2025-07-14T17:21:49.350Z] INFO: Service shutdown {"service":"auth"}
[2025-07-14T17:21:49.355Z] INFO: Service shutdown {"service":"health"}
[2025-07-14T17:21:49.363Z] INFO: Hearthlink Launcher shutdown completed
[2025-07-14T17:21:49.368Z] ERROR: Uncaught Exception {"error":"open EISDIR","stack":"Error: open EISDIR\n    at new Socket (node:net:441:13)\n    at createWritableStdioStream (node:internal/bootstrap/switches/is_main_thread:78:18)\n    at process.getStderr [as stderr] (node:internal/bootstrap/switches/is_main_thread:170:12)\n    at Socket._destroy (node:net:815:26)\n    at _destroy (node:internal/streams/destroy:109:10)\n    at Socket.destroy (node:internal/streams/destroy:71:5)\n    at ChildProcess._handle.onexit (node:internal/child_process:276:18)"}
[2025-07-14T17:21:49.372Z] ERROR: Uncaught Exception {"error":"open EISDIR","stack":"Error: open EISDIR\n    at new Socket (node:net:441:13)\n    at createWritableStdioStream (node:internal/bootstrap/switches/is_main_thread:78:18)\n    at process.getStderr [as stderr] (node:internal/bootstrap/switches/is_main_thread:170:12)\n    at Socket._destroy (node:net:815:26)\n    at _destroy (node:internal/streams/destroy:109:10)\n    at Socket.destroy (node:internal/streams/destroy:71:5)\n    at finish (node:internal/streams/writable:761:14)\n    at process.processTicksAndRejections (node:internal/process/task_queues:82:21)"}
[2025-07-14T17:21:49.375Z] ERROR: Uncaught Exception {"error":"open EISDIR","stack":"Error: open EISDIR\n    at new Socket (node:net:441:13)\n    at createWritableStdioStream (node:internal/bootstrap/switches/is_main_thread:78:18)\n    at process.getStderr [as stderr] (node:internal/bootstrap/switches/is_main_thread:170:12)\n    at Socket._destroy (node:net:815:26)\n    at _destroy (node:internal/streams/destroy:109:10)\n    at Socket.destroy (node:internal/streams/destroy:71:5)\n    at finish (node:internal/streams/writable:761:14)\n    at process.processTicksAndRejections (node:internal/process/task_queues:82:21)"}
[2025-07-14T17:21:52.575Z] INFO: Shutting down Hearthlink Launcher...
[2025-07-14T17:21:52.577Z] INFO: Service shutdown {"service":"config"}
[2025-07-14T17:21:52.579Z] INFO: Service shutdown {"service":"auth"}
[2025-07-14T17:21:52.582Z] INFO: Service shutdown {"service":"health"}
[2025-07-14T17:21:52.586Z] INFO: Hearthlink Launcher shutdown completed
