INFO:     Started server process [6820]
INFO:     Waiting for application startup.
INFO:     Application startup complete.
INFO:     Uvicorn running on http://0.0.0.0:8003 (Press CTRL+C to quit)
Failed to get connections: 'TrafficLogger' object has no attribute 'get_logs'
Starting Hearthlink Synapse API...
Endpoints available:
  GET  /api/synapse/health - Health check
  POST /api/synapse/plugin/register - Register plugin
  POST /api/synapse/plugin/{plugin_id}/approve - Approve plugin
  POST /api/synapse/plugin/{plugin_id}/execute - Execute plugin
  GET  /api/synapse/plugin/{plugin_id}/status - Get plugin status
  GET  /api/synapse/plugins - List plugins
  POST /api/synapse/plugin/{plugin_id}/permissions/request - Request permissions
  POST /api/synapse/permissions/{request_id}/approve - Approve permissions
  GET  /api/synapse/permissions/pending - Get pending permissions
  POST /api/synapse/connection/request - Request connection
  POST /api/synapse/connection/{connection_id}/approve - Approve connection
  GET  /api/synapse/traffic/logs - Get traffic logs
  GET  /api/synapse/traffic/summary - Get traffic summary
  GET  /api/synapse/system/status - Get system status
\nInitializing Synapse...
\nStarting server on port 8003...
INFO:     127.0.0.1:60564 - "GET /api/synapse/connections HTTP/1.1" 200 OK
INFO:     127.0.0.1:60571 - "GET /api/synapse/webhooks HTTP/1.1" 200 OK
INFO:     127.0.0.1:60578 - "GET /api/synapse/traffic/logs HTTP/1.1" 200 OK
INFO:     127.0.0.1:51512 - "GET /status HTTP/1.1" 404 Not Found
