[Mon 07/14/2025 15:06:20.18] Hearthlink Simple Launch Starting... 
[Mon 07/14/2025 15:06:20.18] Starting background services... 
[Mon 07/14/2025 15:06:23.11] Launching Electron directly... 

> Hearthlink@1.3.0 launch
> npm run dev


> Hearthlink@1.3.0 dev
> concurrently "npm run start:react" "sleep 3 && npm run start:electron"

[1] 'sleep' is not recognized as an internal or external command,
[1] operable program or batch file.
[1] sleep 3 && npm run start:electron exited with code 1
[0] 
[0] > Hearthlink@1.3.0 start:react
[0] > PORT=3005 react-scripts start
[0] 
[0] 'PORT' is not recognized as an internal or external command,
[0] operable program or batch file.
[0] npm run start:react exited with code 1
[Mon 07/14/2025 15:06:27.10] Hearthlink Simple Launch Starting... 
[Mon 07/14/2025 15:06:27.10] Starting background services... 
[Mon 07/14/2025 15:06:30.13] Launching Electron directly... 

> Hearthlink@1.3.0 launch
> npm run dev


> Hearthlink@1.3.0 dev
> concurrently "npm run start:react" "sleep 3 && npm run start:electron"

[1] 'sleep' is not recognized as an internal or external command,
[1] operable program or batch file.
[1] sleep 3 && npm run start:electron exited with code 1
[0] 
[0] > Hearthlink@1.3.0 start:react
[0] > PORT=3005 react-scripts start
[0] 
[0] 'PORT' is not recognized as an internal or external command,
[0] operable program or batch file.
[0] npm run start:react exited with code 1
